Setting levels: control = 0, case = 1
Setting direction: controls > cases
Setting levels: control = 0, case = 1
Setting direction: controls < cases
Setting levels: control = 0, case = 1
Setting direction: controls < cases
Setting levels: control = 0, case = 1
Setting direction: controls > cases
Setting levels: control = 0, case = 1
Setting direction: controls < cases
Setting levels: control = 0, case = 1
Setting direction: controls < cases
Setting levels: control = 0, case = 1
Setting direction: controls > cases
Setting levels: control = 0, case = 1
Setting direction: controls > cases
Setting levels: control = 0, case = 1
Setting direction: controls > cases
Setting levels: control = 0, case = 1
Setting direction: controls < cases
Setting levels: control = 0, case = 1
Setting direction: controls > cases
Setting levels: control = 0, case = 1
Setting direction: controls < cases
Setting levels: control = 0, case = 1
Setting direction: controls > cases
Setting levels: control = 0, case = 1
Setting direction: controls < cases
Setting levels: control = 0, case = 1
Setting direction: controls < cases
Setting levels: control = 0, case = 1
Setting direction: controls < cases
Setting levels: control = 0, case = 1
Setting direction: controls > cases
Setting levels: control = 0, case = 1
Setting direction: controls < cases
Setting levels: control = 0, case = 1
Setting direction: controls > cases
Setting levels: control = 0, case = 1
Setting direction: controls > cases
Setting levels: control = 0, case = 1
Setting direction: controls > cases
Setting levels: control = 0, case = 1
Setting direction: controls < cases
Setting levels: control = 0, case = 1
Setting direction: controls < cases
Setting levels: control = 0, case = 1
Setting direction: controls > cases
Setting levels: control = 0, case = 1
Setting direction: controls < cases
Setting levels: control = 0, case = 1
Setting direction: controls > cases
Setting levels: control = 0, case = 1
Setting direction: controls < cases
Setting levels: control = 0, case = 1
Setting direction: controls < cases
Setting levels: control = 0, case = 1
Setting direction: controls > cases
Setting levels: control = 0, case = 1
Setting direction: controls < cases
Setting levels: control = 0, case = 1
Setting direction: controls > cases
Setting levels: control = 0, case = 1
Setting direction: controls > cases
Setting levels: control = 0, case = 1
Setting direction: controls < cases
Setting levels: control = 0, case = 1
Setting direction: controls < cases
Setting levels: control = 0, case = 1
Setting direction: controls > cases
Setting levels: control = 0, case = 1
Setting direction: controls < cases
Setting levels: control = 0, case = 1
Setting direction: controls > cases
Setting levels: control = 0, case = 1
Setting direction: controls > cases
Setting levels: control = 0, case = 1
Setting direction: controls > cases
Setting levels: control = 0, case = 1
Setting direction: controls < cases
Setting levels: control = 0, case = 1
Setting direction: controls < cases
Setting levels: control = 0, case = 1
Setting direction: controls > cases
Setting levels: control = 0, case = 1
Setting direction: controls < cases
Setting levels: control = 0, case = 1
Setting direction: controls > cases
Setting levels: control = 0, case = 1
Setting direction: controls > cases
Setting levels: control = 0, case = 1
Setting direction: controls > cases
Setting levels: control = 0, case = 1
Setting direction: controls < cases
Setting levels: control = 0, case = 1
Setting direction: controls > cases
Setting levels: control = 0, case = 1
Setting direction: controls > cases
Setting levels: control = 0, case = 1
Setting direction: controls > cases
Setting levels: control = 0, case = 1
Setting direction: controls < cases
Setting levels: control = 0, case = 1
Setting direction: controls > cases
Setting levels: control = 0, case = 1
Setting direction: controls > cases
Setting levels: control = 0, case = 1
Setting direction: controls > cases
Setting levels: control = 0, case = 1
Setting direction: controls > cases
Setting levels: control = 0, case = 1
Setting direction: controls > cases
Setting levels: control = 0, case = 1
Setting direction: controls > cases
Setting levels: control = 0, case = 1
Setting direction: controls < cases
Setting levels: control = 0, case = 1
Setting direction: controls < cases
Setting levels: control = 0, case = 1
Setting direction: controls > cases
Setting levels: control = 0, case = 1
Setting direction: controls < cases
Setting levels: control = 0, case = 1
Setting direction: controls > cases
Setting levels: control = 0, case = 1
Setting direction: controls < cases
Setting levels: control = 0, case = 1
Setting direction: controls > cases
Setting levels: control = 0, case = 1
Setting direction: controls < cases
Setting levels: control = 0, case = 1
Setting direction: controls < cases
Setting levels: control = 0, case = 1
Setting direction: controls > cases
Setting levels: control = 0, case = 1
Setting direction: controls > cases
Setting levels: control = 0, case = 1
Setting direction: controls < cases
Setting levels: control = 0, case = 1
Setting direction: controls < cases
Setting levels: control = 0, case = 1
Setting direction: controls > cases
Setting levels: control = 0, case = 1
Setting direction: controls < cases
Setting levels: control = 0, case = 1
Setting direction: controls < cases
Setting levels: control = 0, case = 1
Setting direction: controls > cases
Setting levels: control = 0, case = 1
Setting direction: controls > cases
Setting levels: control = 0, case = 1
Setting direction: controls < cases
Setting levels: control = 0, case = 1
Setting direction: controls > cases
Setting levels: control = 0, case = 1
Setting direction: controls < cases
Setting levels: control = 0, case = 1
Setting direction: controls < cases
Setting levels: control = 0, case = 1
Setting direction: controls > cases
Setting levels: control = 0, case = 1
Setting direction: controls < cases
Setting levels: control = 0, case = 1
Setting direction: controls > cases
Setting levels: control = 0, case = 1
Setting direction: controls < cases
Setting levels: control = 0, case = 1
Setting direction: controls > cases
Setting levels: control = 0, case = 1
Setting direction: controls > cases
Setting levels: control = 0, case = 1
Setting direction: controls < cases
Setting levels: control = 0, case = 1
Setting direction: controls < cases
Setting levels: control = 0, case = 1
Setting direction: controls < cases
Setting levels: control = 0, case = 1
Setting direction: controls < cases
Setting levels: control = 0, case = 1
Setting direction: controls < cases
Setting levels: control = 0, case = 1
Setting direction: controls < cases
Setting levels: control = 0, case = 1
Setting direction: controls > cases
Setting levels: control = 0, case = 1
Setting direction: controls > cases
Setting levels: control = 0, case = 1
Setting direction: controls < cases
Setting levels: control = 0, case = 1
Setting direction: controls < cases
Setting levels: control = 0, case = 1
Setting direction: controls > cases
Setting levels: control = 0, case = 1
Setting direction: controls < cases
Setting levels: control = 0, case = 1
Setting direction: controls < cases
Setting levels: control = 0, case = 1
Setting direction: controls > cases
Setting levels: control = 0, case = 1
Setting direction: controls < cases
Setting levels: control = 0, case = 1
Setting direction: controls < cases

Call:
roc.default(response = testing[, 1], predictor = RF_pred[, 1])

Data: RF_pred[, 1] in 171 controls (testing[, 1] 0) < 411 cases (testing[, 1] 1).
Area under the curve: 0.519
null device 
          1 
[1] "done"
null device 
          1 
[1] "3 of 15  done. 11210"
[1] "done writing to csv"
