Setting levels: control = 0, case = 1
Setting direction: controls > cases
Setting levels: control = 0, case = 1
Setting direction: controls < cases
[1] "1 done post debias"
Setting levels: control = 0, case = 1
Setting direction: controls < cases
[1] "2 done post debias"
Setting levels: control = 0, case = 1
Setting direction: controls > cases
[1] "3 done post debias"
Setting levels: control = 0, case = 1
Setting direction: controls > cases
[1] "4 done post debias"
Setting levels: control = 0, case = 1
Setting direction: controls > cases
[1] "5 done post debias"
Setting levels: control = 0, case = 1
Setting direction: controls < cases
[1] "6 done post debias"
Setting levels: control = 0, case = 1
Setting direction: controls > cases
[1] "7 done post debias"
Setting levels: control = 0, case = 1
Setting direction: controls > cases
[1] "8 done post debias"
Setting levels: control = 0, case = 1
Setting direction: controls < cases
[1] "9 done post debias"
Setting levels: control = 0, case = 1
Setting direction: controls > cases
[1] "10 done post debias"
Setting levels: control = 0, case = 1
Setting direction: controls < cases
[1] "11 done post debias"
Setting levels: control = 0, case = 1
Setting direction: controls > cases
[1] "12 done post debias"
Setting levels: control = 0, case = 1
Setting direction: controls > cases
[1] "13 done post debias"
Setting levels: control = 0, case = 1
Setting direction: controls > cases
[1] "14 done post debias"
Setting levels: control = 0, case = 1
Setting direction: controls < cases
[1] "15 done post debias"
Setting levels: control = 0, case = 1
Setting direction: controls < cases
[1] "16 done post debias"
Setting levels: control = 0, case = 1
Setting direction: controls < cases
[1] "17 done post debias"
Setting levels: control = 0, case = 1
Setting direction: controls > cases
[1] "18 done post debias"
Setting levels: control = 0, case = 1
Setting direction: controls < cases
[1] "19 done post debias"
Setting levels: control = 0, case = 1
Setting direction: controls < cases
[1] "20 done post debias"
Setting levels: control = 0, case = 1
Setting direction: controls > cases
[1] "21 done post debias"
Setting levels: control = 0, case = 1
Setting direction: controls > cases
[1] "22 done post debias"
Setting levels: control = 0, case = 1
Setting direction: controls > cases
[1] "23 done post debias"
Setting levels: control = 0, case = 1
Setting direction: controls < cases
[1] "24 done post debias"
Setting levels: control = 0, case = 1
Setting direction: controls < cases
[1] "25 done post debias"
Setting levels: control = 0, case = 1
Setting direction: controls > cases
[1] "26 done post debias"
Setting levels: control = 0, case = 1
Setting direction: controls < cases
[1] "27 done post debias"
Setting levels: control = 0, case = 1
Setting direction: controls < cases
[1] "28 done post debias"
Setting levels: control = 0, case = 1
Setting direction: controls > cases
[1] "29 done post debias"
Setting levels: control = 0, case = 1
Setting direction: controls < cases
[1] "30 done post debias"
Setting levels: control = 0, case = 1
Setting direction: controls < cases
[1] "31 done post debias"
Setting levels: control = 0, case = 1
Setting direction: controls > cases
[1] "32 done post debias"
Setting levels: control = 0, case = 1
Setting direction: controls < cases
[1] "33 done post debias"
Setting levels: control = 0, case = 1
Setting direction: controls < cases
[1] "34 done post debias"
Setting levels: control = 0, case = 1
Setting direction: controls > cases
[1] "35 done post debias"
Setting levels: control = 0, case = 1
Setting direction: controls < cases
[1] "36 done post debias"
Setting levels: control = 0, case = 1
Setting direction: controls < cases
[1] "37 done post debias"
Setting levels: control = 0, case = 1
Setting direction: controls < cases
[1] "38 done post debias"
Setting levels: control = 0, case = 1
Setting direction: controls < cases
[1] "39 done post debias"
Setting levels: control = 0, case = 1
Setting direction: controls < cases
[1] "40 done post debias"
Setting levels: control = 0, case = 1
Setting direction: controls < cases
[1] "41 done post debias"
Setting levels: control = 0, case = 1
Setting direction: controls < cases
[1] "42 done post debias"
Setting levels: control = 0, case = 1
Setting direction: controls < cases
[1] "43 done post debias"
Setting levels: control = 0, case = 1
Setting direction: controls < cases
[1] "44 done post debias"
Setting levels: control = 0, case = 1
Setting direction: controls > cases
[1] "45 done post debias"
Setting levels: control = 0, case = 1
Setting direction: controls < cases
[1] "46 done post debias"
Setting levels: control = 0, case = 1
Setting direction: controls > cases
[1] "47 done post debias"
Setting levels: control = 0, case = 1
Setting direction: controls < cases
[1] "48 done post debias"
Setting levels: control = 0, case = 1
Setting direction: controls < cases
[1] "49 done post debias"
Setting levels: control = 0, case = 1
Setting direction: controls < cases
[1] "50 done post debias"
Setting levels: control = 0, case = 1
Setting direction: controls > cases
[1] "51 done post debias"
Setting levels: control = 0, case = 1
Setting direction: controls > cases
[1] "52 done post debias"
Setting levels: control = 0, case = 1
Setting direction: controls < cases
[1] "53 done post debias"
Setting levels: control = 0, case = 1
Setting direction: controls < cases
[1] "54 done post debias"
Setting levels: control = 0, case = 1
Setting direction: controls < cases
[1] "55 done post debias"
Setting levels: control = 0, case = 1
Setting direction: controls > cases
[1] "56 done post debias"
Setting levels: control = 0, case = 1
Setting direction: controls > cases
[1] "57 done post debias"
Setting levels: control = 0, case = 1
Setting direction: controls < cases
[1] "58 done post debias"
Setting levels: control = 0, case = 1
Setting direction: controls < cases
[1] "59 done post debias"
Setting levels: control = 0, case = 1
Setting direction: controls > cases
[1] "60 done post debias"
Setting levels: control = 0, case = 1
Setting direction: controls < cases
[1] "61 done post debias"
Setting levels: control = 0, case = 1
Setting direction: controls > cases
[1] "62 done post debias"
Setting levels: control = 0, case = 1
Setting direction: controls > cases
[1] "63 done post debias"
Setting levels: control = 0, case = 1
Setting direction: controls < cases
[1] "64 done post debias"
Setting levels: control = 0, case = 1
Setting direction: controls < cases
[1] "65 done post debias"
Setting levels: control = 0, case = 1
Setting direction: controls < cases
[1] "66 done post debias"
Setting levels: control = 0, case = 1
Setting direction: controls < cases
[1] "67 done post debias"
Setting levels: control = 0, case = 1
Setting direction: controls > cases
[1] "68 done post debias"
Setting levels: control = 0, case = 1
Setting direction: controls > cases
[1] "69 done post debias"
Setting levels: control = 0, case = 1
Setting direction: controls < cases
[1] "70 done post debias"
Setting levels: control = 0, case = 1
Setting direction: controls < cases
[1] "71 done post debias"
Setting levels: control = 0, case = 1
Setting direction: controls > cases
[1] "72 done post debias"
Setting levels: control = 0, case = 1
Setting direction: controls > cases
[1] "73 done post debias"
Setting levels: control = 0, case = 1
Setting direction: controls < cases
[1] "74 done post debias"
Setting levels: control = 0, case = 1
Setting direction: controls < cases
[1] "75 done post debias"
Setting levels: control = 0, case = 1
Setting direction: controls < cases
[1] "76 done post debias"
Setting levels: control = 0, case = 1
Setting direction: controls < cases
[1] "77 done post debias"
Setting levels: control = 0, case = 1
Setting direction: controls < cases
[1] "78 done post debias"
Setting levels: control = 0, case = 1
Setting direction: controls > cases
[1] "79 done post debias"
Setting levels: control = 0, case = 1
Setting direction: controls < cases
[1] "80 done post debias"
Setting levels: control = 0, case = 1
Setting direction: controls < cases
[1] "81 done post debias"
Setting levels: control = 0, case = 1
Setting direction: controls < cases
[1] "82 done post debias"
Setting levels: control = 0, case = 1
Setting direction: controls < cases
[1] "83 done post debias"
Setting levels: control = 0, case = 1
Setting direction: controls < cases
[1] "84 done post debias"
Setting levels: control = 0, case = 1
Setting direction: controls < cases
[1] "85 done post debias"
Setting levels: control = 0, case = 1
Setting direction: controls > cases
[1] "86 done post debias"
Setting levels: control = 0, case = 1
Setting direction: controls < cases
[1] "87 done post debias"
Setting levels: control = 0, case = 1
Setting direction: controls < cases
[1] "88 done post debias"
Setting levels: control = 0, case = 1
Setting direction: controls < cases
[1] "89 done post debias"
Setting levels: control = 0, case = 1
Setting direction: controls < cases
[1] "90 done post debias"
Setting levels: control = 0, case = 1
Setting direction: controls < cases
[1] "91 done post debias"
Setting levels: control = 0, case = 1
Setting direction: controls > cases
[1] "92 done post debias"
Setting levels: control = 0, case = 1
Setting direction: controls > cases
[1] "93 done post debias"
Setting levels: control = 0, case = 1
Setting direction: controls < cases
[1] "94 done post debias"
Setting levels: control = 0, case = 1
Setting direction: controls < cases
[1] "95 done post debias"
Setting levels: control = 0, case = 1
Setting direction: controls < cases
[1] "96 done post debias"
Setting levels: control = 0, case = 1
Setting direction: controls < cases
[1] "97 done post debias"
Setting levels: control = 0, case = 1
Setting direction: controls < cases
[1] "98 done post debias"
Setting levels: control = 0, case = 1
Setting direction: controls < cases
[1] "99 done post debias"
Setting levels: control = 0, case = 1
Setting direction: controls < cases
[1] "100 done post debias"

Call:
roc.default(response = testing[, 1], predictor = RF_pred[, 1])

Data: RF_pred[, 1] in 434 controls (testing[, 1] 0) < 535 cases (testing[, 1] 1).
Area under the curve: 0.5263
null device 
          1 
null device 
          1 
[1] "10959  done."
[1] "done writing to csv"
