Setting levels: control = 0, case = 1
Setting direction: controls > cases
Setting levels: control = 0, case = 1
Setting direction: controls < cases
Setting levels: control = 0, case = 1
Setting direction: controls < cases
Setting levels: control = 0, case = 1
Setting direction: controls < cases

Call:
roc.default(response = testing[, 1], predictor = RF_pred[, 1])

Data: RF_pred[, 1] in 434 controls (testing[, 1] 0) < 535 cases (testing[, 1] 1).
Area under the curve: 0.5207
null device 
          1 
[1] "done"
null device 
          1 
[1] "1 of 15  done. 10959"
NULL
[1] "done writing to csv"
