Setting levels: control = 0, case = 1
Setting direction: controls > cases
Setting levels: control = 0, case = 1
Setting direction: controls < cases
[1] "1 done"
Setting levels: control = 0, case = 1
Setting direction: controls < cases
[1] "2 done"
Setting levels: control = 0, case = 1
Setting direction: controls > cases
[1] "3 done"
Setting levels: control = 0, case = 1
Setting direction: controls < cases
[1] "4 done"
Setting levels: control = 0, case = 1
Setting direction: controls > cases
[1] "5 done"
Setting levels: control = 0, case = 1
Setting direction: controls > cases
[1] "6 done"
Setting levels: control = 0, case = 1
Setting direction: controls > cases
[1] "7 done"
Setting levels: control = 0, case = 1
Setting direction: controls > cases
[1] "8 done"
Setting levels: control = 0, case = 1
Setting direction: controls > cases
[1] "9 done"
Setting levels: control = 0, case = 1
Setting direction: controls > cases
[1] "10 done"
Setting levels: control = 0, case = 1
Setting direction: controls < cases
[1] "11 done"
Setting levels: control = 0, case = 1
Setting direction: controls > cases
[1] "12 done"
Setting levels: control = 0, case = 1
Setting direction: controls > cases
[1] "13 done"
Setting levels: control = 0, case = 1
Setting direction: controls > cases
[1] "14 done"
Setting levels: control = 0, case = 1
Setting direction: controls < cases
[1] "15 done"
Setting levels: control = 0, case = 1
Setting direction: controls > cases
[1] "16 done"
Setting levels: control = 0, case = 1
Setting direction: controls < cases
[1] "17 done"
Setting levels: control = 0, case = 1
Setting direction: controls < cases
[1] "18 done"
Setting levels: control = 0, case = 1
Setting direction: controls > cases
[1] "19 done"
Setting levels: control = 0, case = 1
Setting direction: controls > cases
[1] "20 done"
Setting levels: control = 0, case = 1
Setting direction: controls > cases
[1] "21 done"
Setting levels: control = 0, case = 1
Setting direction: controls < cases
[1] "22 done"
Setting levels: control = 0, case = 1
Setting direction: controls > cases
[1] "23 done"
Setting levels: control = 0, case = 1
Setting direction: controls < cases
[1] "24 done"
Setting levels: control = 0, case = 1
Setting direction: controls > cases
[1] "25 done"
Setting levels: control = 0, case = 1
Setting direction: controls > cases
[1] "26 done"
Setting levels: control = 0, case = 1
Setting direction: controls < cases
[1] "27 done"
Setting levels: control = 0, case = 1
Setting direction: controls > cases
[1] "28 done"
Setting levels: control = 0, case = 1
Setting direction: controls > cases
[1] "29 done"
Setting levels: control = 0, case = 1
Setting direction: controls < cases
[1] "30 done"
Setting levels: control = 0, case = 1
Setting direction: controls > cases
[1] "31 done"
Setting levels: control = 0, case = 1
Setting direction: controls > cases
[1] "32 done"
Setting levels: control = 0, case = 1
Setting direction: controls < cases
[1] "33 done"
Setting levels: control = 0, case = 1
Setting direction: controls > cases
[1] "34 done"
Setting levels: control = 0, case = 1
Setting direction: controls < cases
[1] "35 done"
Setting levels: control = 0, case = 1
Setting direction: controls < cases
[1] "36 done"
Setting levels: control = 0, case = 1
Setting direction: controls < cases
[1] "37 done"
Setting levels: control = 0, case = 1
Setting direction: controls < cases
[1] "38 done"
Setting levels: control = 0, case = 1
Setting direction: controls < cases
[1] "39 done"
Setting levels: control = 0, case = 1
Setting direction: controls > cases
[1] "40 done"
Setting levels: control = 0, case = 1
Setting direction: controls > cases
[1] "41 done"
Setting levels: control = 0, case = 1
Setting direction: controls > cases
[1] "42 done"
Setting levels: control = 0, case = 1
Setting direction: controls < cases
[1] "43 done"
Setting levels: control = 0, case = 1
Setting direction: controls < cases
[1] "44 done"
Setting levels: control = 0, case = 1
Setting direction: controls < cases
[1] "45 done"
Setting levels: control = 0, case = 1
Setting direction: controls < cases
[1] "46 done"
Setting levels: control = 0, case = 1
Setting direction: controls < cases
[1] "47 done"
Setting levels: control = 0, case = 1
Setting direction: controls > cases
[1] "48 done"
Setting levels: control = 0, case = 1
Setting direction: controls < cases
[1] "49 done"
Setting levels: control = 0, case = 1
Setting direction: controls > cases
[1] "50 done"
Setting levels: control = 0, case = 1
Setting direction: controls < cases
[1] "51 done"
Setting levels: control = 0, case = 1
Setting direction: controls < cases
[1] "52 done"
Setting levels: control = 0, case = 1
Setting direction: controls > cases
[1] "53 done"
Setting levels: control = 0, case = 1
Setting direction: controls < cases
[1] "54 done"
Setting levels: control = 0, case = 1
Setting direction: controls < cases
[1] "55 done"
Setting levels: control = 0, case = 1
Setting direction: controls < cases
[1] "56 done"
Setting levels: control = 0, case = 1
Setting direction: controls < cases
[1] "57 done"
Setting levels: control = 0, case = 1
Setting direction: controls < cases
[1] "58 done"
Setting levels: control = 0, case = 1
Setting direction: controls > cases
[1] "59 done"
Setting levels: control = 0, case = 1
Setting direction: controls < cases
[1] "60 done"
Setting levels: control = 0, case = 1
Setting direction: controls > cases
[1] "61 done"
Setting levels: control = 0, case = 1
Setting direction: controls > cases
[1] "62 done"
Setting levels: control = 0, case = 1
Setting direction: controls < cases
[1] "63 done"
Setting levels: control = 0, case = 1
Setting direction: controls > cases
[1] "64 done"
Setting levels: control = 0, case = 1
Setting direction: controls > cases
[1] "65 done"
Setting levels: control = 0, case = 1
Setting direction: controls > cases
[1] "66 done"
Setting levels: control = 0, case = 1
Setting direction: controls < cases
[1] "67 done"
Setting levels: control = 0, case = 1
Setting direction: controls > cases
[1] "68 done"
Setting levels: control = 0, case = 1
Setting direction: controls > cases
[1] "69 done"
Setting levels: control = 0, case = 1
Setting direction: controls > cases
[1] "70 done"
Setting levels: control = 0, case = 1
Setting direction: controls > cases
[1] "71 done"
Setting levels: control = 0, case = 1
Setting direction: controls < cases
[1] "72 done"
Setting levels: control = 0, case = 1
Setting direction: controls > cases
[1] "73 done"
Setting levels: control = 0, case = 1
Setting direction: controls > cases
[1] "74 done"
Setting levels: control = 0, case = 1
Setting direction: controls > cases
[1] "75 done"
Setting levels: control = 0, case = 1
Setting direction: controls > cases
[1] "76 done"
Setting levels: control = 0, case = 1
Setting direction: controls < cases
[1] "77 done"
Setting levels: control = 0, case = 1
Setting direction: controls < cases
[1] "78 done"
Setting levels: control = 0, case = 1
Setting direction: controls > cases
[1] "79 done"
Setting levels: control = 0, case = 1
Setting direction: controls > cases
[1] "80 done"
Setting levels: control = 0, case = 1
Setting direction: controls < cases
[1] "81 done"
Setting levels: control = 0, case = 1
Setting direction: controls > cases
[1] "82 done"
Setting levels: control = 0, case = 1
Setting direction: controls < cases
[1] "83 done"
Setting levels: control = 0, case = 1
Setting direction: controls < cases
[1] "84 done"
Setting levels: control = 0, case = 1
Setting direction: controls > cases
[1] "85 done"
Setting levels: control = 0, case = 1
Setting direction: controls < cases
[1] "86 done"
Setting levels: control = 0, case = 1
Setting direction: controls > cases
[1] "87 done"
Setting levels: control = 0, case = 1
Setting direction: controls > cases
[1] "88 done"
Setting levels: control = 0, case = 1
Setting direction: controls < cases
[1] "89 done"
Setting levels: control = 0, case = 1
Setting direction: controls < cases
[1] "90 done"
Setting levels: control = 0, case = 1
Setting direction: controls < cases
[1] "91 done"
Setting levels: control = 0, case = 1
Setting direction: controls > cases
[1] "92 done"
Setting levels: control = 0, case = 1
Setting direction: controls < cases
[1] "93 done"
Setting levels: control = 0, case = 1
Setting direction: controls > cases
[1] "94 done"
Setting levels: control = 0, case = 1
Setting direction: controls > cases
[1] "95 done"
Setting levels: control = 0, case = 1
Setting direction: controls > cases
[1] "96 done"
Setting levels: control = 0, case = 1
Setting direction: controls < cases
[1] "97 done"
Setting levels: control = 0, case = 1
Setting direction: controls < cases
[1] "98 done"
Setting levels: control = 0, case = 1
Setting direction: controls < cases
[1] "99 done"
Setting levels: control = 0, case = 1
Setting direction: controls > cases
[1] "100 done"

Call:
roc.default(response = testing[, 1], predictor = RF_pred[, 1])

Data: RF_pred[, 1] in 14 controls (testing[, 1] 0) > 19 cases (testing[, 1] 1).
Area under the curve: 0.485
null device 
          1 
[1] "done"
null device 
          1 
[1] "14 of 15  done. 14669"
[1] "done writing to csv"
